\BOOKMARK [0][]{chapter.1}{1 Introduction}{}% 1
\BOOKMARK [1][]{section.1.1}{1.1 Motivation}{chapter.1}% 2
\BOOKMARK [1][]{section.1.2}{1.2 Objectives}{chapter.1}% 3
\BOOKMARK [1][]{section.1.3}{1.3 Elements of Network Analysis}{chapter.1}% 4
\BOOKMARK [2][]{subsection.1.3.1}{1.3.1 Social Network Analysis \(SNA\)}{section.1.3}% 5
\BOOKMARK [2][]{subsection.1.3.2}{1.3.2 Concepts used by SNA}{section.1.3}% 6
\BOOKMARK [0][]{chapter.2}{2 Literature Review}{}% 7
\BOOKMARK [1][]{section.2.1}{2.1 Analysis of Complex Weighted Social Networks}{chapter.2}% 8
\BOOKMARK [1][]{section.2.2}{2.2 Influence Analysis}{chapter.2}% 9
\BOOKMARK [1][]{section.2.3}{2.3 Link Prediction}{chapter.2}% 10
\BOOKMARK [1][]{section.2.4}{2.4 Time Series Analysis}{chapter.2}% 11
\BOOKMARK [1][]{section.2.5}{2.5 Power Law}{chapter.2}% 12
\BOOKMARK [0][]{chapter.3}{3 System Analysis and Design}{}% 13
\BOOKMARK [1][]{section.3.1}{3.1 Introduction to R}{chapter.3}% 14
\BOOKMARK [0][]{chapter.4}{4 Methodology, Implementation and Results}{}% 15
\BOOKMARK [1][]{section.4.1}{4.1 Datasets Available on Networks, and Datasets Used}{chapter.4}% 16
\BOOKMARK [1][]{section.4.2}{4.2 Methods and Techniques}{chapter.4}% 17
\BOOKMARK [2][]{subsection.4.2.1}{4.2.1 Weight Assignment}{section.4.2}% 18
\BOOKMARK [2][]{subsection.4.2.2}{4.2.2 Sampling Based Influence Analysis for Large Networks}{section.4.2}% 19
\BOOKMARK [2][]{subsection.4.2.3}{4.2.3 Link Prediction}{section.4.2}% 20
\BOOKMARK [2][]{subsection.4.2.4}{4.2.4 Time Series Analysis}{section.4.2}% 21
\BOOKMARK [0][]{chapter.5}{5 Testing, Conclusions and Future Work}{}% 22
\BOOKMARK [1][]{section.5.1}{5.1 Testing}{chapter.5}% 23
\BOOKMARK [1][]{section.5.2}{5.2 Conclusions}{chapter.5}% 24
\BOOKMARK [1][]{section.5.3}{5.3 Future Work}{chapter.5}% 25
\BOOKMARK [0][]{chapter*.22}{References}{}% 26
